<?xml version="1.0" encoding="UTF-8"?>
<!-- Generated by org.testng.reporters.JUnitXMLReporter -->
<testsuite ignored="1" hostname="BB2712-Bharat" failures="0" tests="8" name="Loan" time="0.086" errors="0" timestamp="2026-02-10T09:36:57 IST">
  <testcase classname="test.Demo1" name="Print1" time="0.007"/>
  <testcase classname="test.Demo1" name="DemoOnDataProvider" time="0.009"/>
  <testcase classname="test.MultipleTestCases" name="CarLoan" time="0.01"/>
  <testcase classname="test.MultipleTestCases" name="HomeLoan" time="0.012"/>
  <testcase classname="test.Demo1" name="Print" time="0.015"/>
  <testcase classname="test.Demo1" name="DemoOnDataProvider" time="0.001"/>
  <testcase classname="test.Demo1" name="DemoOnDataProvider" time="0.002"/>
  <testcase classname="test.Demo1" name="Abcd" time="0.003"/>
  <testcase classname="test.MultipleTestCases" name="CheckDependOnannotation" time="0.0">
    <ignored/>
  </testcase> <!-- CheckDependOnannotation -->
</testsuite> <!-- Loan -->
