<?xml version="1.0" encoding="UTF-8"?>
<testng-results ignored="0" total="1" passed="1" failed="0" skipped="0">
  <reporter-output>
  </reporter-output>
  <suite started-at="2026-02-10T15:35:36 IST" name="Default suite" finished-at="2026-02-10T15:35:36 IST" duration-ms="42">
    <groups>
    </groups>
    <test started-at="2026-02-10T15:35:36 IST" name="Default test" finished-at="2026-02-10T15:35:36 IST" duration-ms="42">
      <class name="test.Extended">
        <test-method signature="TestMethod()[pri:0, instance:test.Extended@7586beff]" started-at="2026-02-10T15:35:36 IST" name="TestMethod" finished-at="2026-02-10T15:35:36 IST" duration-ms="8" status="PASS">
          <reporter-output>
          </reporter-output>
        </test-method> <!-- TestMethod -->
      </class> <!-- test.Extended -->
    </test> <!-- Default test -->
  </suite> <!-- Default suite -->
</testng-results>
