<?xml version="1.0" encoding="UTF-8"?>
<!-- Generated by org.testng.reporters.JUnitReportReporter -->
<testsuite hostname="BB2712-Bharat" failures="0" tests="3" name="test.MultipleTestCases" time="0.022" errors="0" timestamp="2026-02-10T09:36:57 IST" skipped="1">
  <testcase classname="test.MultipleTestCases" name="CarLoan" time="0.010"/>
  <testcase classname="test.MultipleTestCases" name="HomeLoan" time="0.012"/>
  <testcase classname="test.MultipleTestCases" name="CheckDependOnannotation">
    <skipped/>
  </testcase> <!-- CheckDependOnannotation -->
</testsuite> <!-- test.MultipleTestCases -->
