<?xml version="1.0" encoding="UTF-8"?>
<!-- Generated by org.testng.reporters.JUnitReportReporter -->
<testsuite hostname="BB2712-Bharat" failures="0" tests="6" name="test.Demo1" time="0.042" errors="0" timestamp="2026-02-10T09:36:57 IST" skipped="0">
  <testcase classname="test.Demo1" name="Print1" time="0.008"/>
  <testcase classname="test.Demo1" name="DemoOnDataProvider" time="0.010"/>
  <testcase classname="test.Demo1" name="Print" time="0.015"/>
  <testcase classname="test.Demo1" name="DemoOnDataProvider" time="0.003"/>
  <testcase classname="test.Demo1" name="Abcd" time="0.004"/>
  <testcase classname="test.Demo1" name="DemoOnDataProvider" time="0.002"/>
</testsuite> <!-- test.Demo1 -->
